<?xml version="1.0" encoding="UTF-8"?>
<testng-results skipped="0" failed="0" total="2" passed="2">
  <reporter-output>
  </reporter-output>
  <suite name="Cucumber Framework" duration-ms="15143" started-at="2020-07-18T09:11:49Z" finished-at="2020-07-18T09:12:04Z">
    <groups>
      <group name="cucumber">
        <method signature="AbstractTestNGCucumberTests.feature(cucumber.api.testng.CucumberFeatureWrapper)[pri:0, instance:runners.MainRunner@2344fc66]" name="feature" class="cucumber.api.testng.AbstractTestNGCucumberTests"/>
      </group> <!-- cucumber -->
    </groups>
    <test name="Cucumber Tests" duration-ms="15143" started-at="2020-07-18T09:11:49Z" finished-at="2020-07-18T09:12:04Z">
      <class name="runners.MainRunner">
        <test-method status="PASS" signature="setUpClass()[pri:0, instance:runners.MainRunner@2344fc66]" name="setUpClass" is-config="true" duration-ms="160" started-at="2020-07-18T12:11:49Z" finished-at="2020-07-18T12:11:49Z">
          <reporter-output>
          </reporter-output>
        </test-method> <!-- setUpClass -->
        <test-method status="PASS" signature="feature(cucumber.api.testng.CucumberFeatureWrapper)[pri:0, instance:runners.MainRunner@2344fc66]" name="feature" duration-ms="7259" started-at="2020-07-18T12:11:50Z" description="Runs Cucumber Feature" data-provider="features" finished-at="2020-07-18T12:11:57Z">
          <params>
            <param index="0">
              <value>
                <![CDATA[Submit data to webdriveruniversity.com using contact us form]]>
              </value>
            </param>
          </params>
          <reporter-output>
          </reporter-output>
        </test-method> <!-- feature -->
        <test-method status="PASS" signature="feature(cucumber.api.testng.CucumberFeatureWrapper)[pri:0, instance:runners.MainRunner@2344fc66]" name="feature" duration-ms="7430" started-at="2020-07-18T12:11:57Z" description="Runs Cucumber Feature" data-provider="features" finished-at="2020-07-18T12:12:04Z">
          <params>
            <param index="0">
              <value>
                <![CDATA[Products page]]>
              </value>
            </param>
          </params>
          <reporter-output>
          </reporter-output>
        </test-method> <!-- feature -->
        <test-method status="PASS" signature="writeExtentReport()[pri:0, instance:runners.MainRunner@2344fc66]" name="writeExtentReport" is-config="true" duration-ms="15" started-at="2020-07-18T12:12:04Z" finished-at="2020-07-18T12:12:04Z">
          <reporter-output>
          </reporter-output>
        </test-method> <!-- writeExtentReport -->
        <test-method status="PASS" signature="tearDownClass()[pri:0, instance:runners.MainRunner@2344fc66]" name="tearDownClass" is-config="true" duration-ms="223" started-at="2020-07-18T12:12:04Z" finished-at="2020-07-18T12:12:04Z">
          <reporter-output>
          </reporter-output>
        </test-method> <!-- tearDownClass -->
      </class> <!-- runners.MainRunner -->
    </test> <!-- Cucumber Tests -->
  </suite> <!-- Cucumber Framework -->
</testng-results>
